[0320/125000.580:ERROR:process_reader_win.cc(142)] SuspendThread: Access is denied. (0x5)
[0406/174743.180:ERROR:process_reader_win.cc(142)] SuspendThread: Access is denied. (0x5)
[0413/153015.824:ERROR:process_reader_win.cc(142)] SuspendThread: Access is denied. (0x5)
[0413/154435.881:ERROR:process_reader_win.cc(142)] SuspendThread: Access is denied. (0x5)
[0419/185321.272:ERROR:process_reader_win.cc(142)] SuspendThread: Access is denied. (0x5)
[0419/185459.877:ERROR:process_reader_win.cc(142)] SuspendThread: Access is denied. (0x5)
[0419/185459.878:ERROR:process_reader_win.cc(142)] SuspendThread: Access is denied. (0x5)
[0419/185459.878:ERROR:process_reader_win.cc(142)] SuspendThread: Access is denied. (0x5)
[0419/185459.878:ERROR:process_reader_win.cc(142)] SuspendThread: Access is denied. (0x5)
[0419/185459.878:ERROR:process_reader_win.cc(142)] SuspendThread: Access is denied. (0x5)
[0419/185459.878:ERROR:exception_snapshot_win.cc(87)] thread ID 3336 not found in process
[0419/185459.878:WARNING:crash_report_exception_handler.cc(60)] ProcessSnapshotWin::Initialize failed
[0420/171250.353:ERROR:process_reader_win.cc(142)] SuspendThread: Access is denied. (0x5)
[0420/172926.643:ERROR:file_io.cc(41)] write: There is not enough space on the disk. (0x70)
[0420/172926.643:ERROR:crash_report_exception_handler.cc(111)] WriteEverything failed
[0420/173012.464:ERROR:file_io.cc(41)] write: There is not enough space on the disk. (0x70)
[0420/173012.464:ERROR:crash_report_exception_handler.cc(111)] WriteEverything failed
[0420/173045.246:ERROR:file_io.cc(41)] write: There is not enough space on the disk. (0x70)
[0420/173045.247:ERROR:crash_report_exception_handler.cc(111)] WriteEverything failed
[0420/173133.341:ERROR:file_io.cc(41)] write: There is not enough space on the disk. (0x70)
[0420/173133.341:ERROR:crash_report_exception_handler.cc(111)] WriteEverything failed
[0420/173237.920:ERROR:file_io.cc(41)] write: There is not enough space on the disk. (0x70)
[0420/173237.921:ERROR:crash_report_exception_handler.cc(111)] WriteEverything failed
[0420/173359.649:ERROR:file_io_win.cc(154)] CreateFile C:\Users\UIS\AppData\Local\Temp\scoped_dir9488_27473\Crashpad\reports\4da12348-57c2-4705-9885-2473a0962739.dmp: There is not enough space on the disk. (0x70)
[0420/173359.649:ERROR:crash_report_exception_handler.cc(95)] PrepareNewCrashReport failed
[0420/173431.682:ERROR:file_io_win.cc(154)] CreateFile C:\Users\UIS\AppData\Local\Temp\scoped_dir14672_4638\Crashpad\reports\416b1d7b-6a86-48d5-ba9a-c5a39a824e00.dmp: There is not enough space on the disk. (0x70)
[0420/173431.682:ERROR:crash_report_exception_handler.cc(95)] PrepareNewCrashReport failed
[0420/173519.119:ERROR:file_io.cc(41)] write: There is not enough space on the disk. (0x70)
[0420/173519.119:ERROR:crash_report_exception_handler.cc(111)] WriteEverything failed
[0421/111939.481:ERROR:process_reader_win.cc(142)] SuspendThread: Access is denied. (0x5)
[0427/155428.372:ERROR:process_reader_win.cc(142)] SuspendThread: Access is denied. (0x5)
[0427/162628.759:ERROR:file_io.cc(41)] write: There is not enough space on the disk. (0x70)
[0427/162628.834:ERROR:crash_report_exception_handler.cc(111)] WriteEverything failed
[0427/162717.837:ERROR:file_io.cc(41)] write: There is not enough space on the disk. (0x70)
[0427/162717.837:ERROR:crash_report_exception_handler.cc(111)] WriteEverything failed
[0427/162920.454:ERROR:file_io.cc(41)] write: There is not enough space on the disk. (0x70)
[0427/162920.454:ERROR:crash_report_exception_handler.cc(111)] WriteEverything failed
[0427/163047.188:ERROR:file_io.cc(41)] write: There is not enough space on the disk. (0x70)
[0427/163047.188:ERROR:crash_report_exception_handler.cc(111)] WriteEverything failed
[0427/163127.047:ERROR:file_io.cc(41)] write: There is not enough space on the disk. (0x70)
[0427/163127.047:ERROR:crash_report_exception_handler.cc(111)] WriteEverything failed
[0428/123229.257:ERROR:process_reader_win.cc(142)] SuspendThread: Access is denied. (0x5)
[0505/170153.156:ERROR:process_reader_win.cc(142)] SuspendThread: Access is denied. (0x5)
[0505/174157.818:ERROR:process_reader_win.cc(142)] SuspendThread: Access is denied. (0x5)
[0505/190518.321:ERROR:process_reader_win.cc(142)] SuspendThread: Access is denied. (0x5)
[0505/190518.322:ERROR:process_reader_win.cc(114)] NtOpenThread: An invalid Client ID was specified.  (0xc000000b)
[0510/114039.624:ERROR:process_reader_win.cc(142)] SuspendThread: Access is denied. (0x5)
[0510/114116.390:ERROR:process_reader_win.cc(142)] SuspendThread: Access is denied. (0x5)
[0510/115119.851:ERROR:process_reader_win.cc(142)] SuspendThread: Access is denied. (0x5)
[0511/142028.081:ERROR:process_reader_win.cc(142)] SuspendThread: Access is denied. (0x5)
[0511/144919.517:ERROR:process_reader_win.cc(142)] SuspendThread: Access is denied. (0x5)
[0511/145407.990:ERROR:process_reader_win.cc(142)] SuspendThread: Access is denied. (0x5)
[0511/145836.001:ERROR:process_reader_win.cc(142)] SuspendThread: Access is denied. (0x5)
[0511/151247.782:ERROR:process_reader_win.cc(142)] SuspendThread: Access is denied. (0x5)
[0511/151622.483:ERROR:process_reader_win.cc(142)] SuspendThread: Access is denied. (0x5)
[0511/154017.883:ERROR:process_reader_win.cc(142)] SuspendThread: Access is denied. (0x5)
[0511/154459.360:ERROR:process_reader_win.cc(142)] SuspendThread: Access is denied. (0x5)
[0511/160740.095:ERROR:process_reader_win.cc(142)] SuspendThread: Access is denied. (0x5)
[0511/160855.060:ERROR:process_reader_win.cc(142)] SuspendThread: Access is denied. (0x5)
[0511/161110.399:ERROR:process_reader_win.cc(142)] SuspendThread: Access is denied. (0x5)
[0511/161110.399:ERROR:process_reader_win.cc(142)] SuspendThread: Access is denied. (0x5)
[0511/161424.945:ERROR:process_reader_win.cc(142)] SuspendThread: Access is denied. (0x5)
[0511/162506.075:ERROR:process_reader_win.cc(142)] SuspendThread: Access is denied. (0x5)
[0511/165106.250:ERROR:process_reader_win.cc(142)] SuspendThread: Access is denied. (0x5)
[0511/165308.244:ERROR:process_reader_win.cc(142)] SuspendThread: Access is denied. (0x5)
[0511/165508.448:ERROR:process_reader_win.cc(142)] SuspendThread: Access is denied. (0x5)
[0511/165649.243:ERROR:process_reader_win.cc(142)] SuspendThread: Access is denied. (0x5)
[0511/170521.597:ERROR:process_reader_win.cc(142)] SuspendThread: Access is denied. (0x5)
[0511/173441.264:ERROR:process_reader_win.cc(142)] SuspendThread: Access is denied. (0x5)
[0512/101533.007:ERROR:process_reader_win.cc(142)] SuspendThread: Access is denied. (0x5)
[0512/102751.090:ERROR:process_reader_win.cc(142)] SuspendThread: Access is denied. (0x5)
[0512/102904.691:ERROR:process_reader_win.cc(142)] SuspendThread: Access is denied. (0x5)
[0512/103136.975:ERROR:process_reader_win.cc(142)] SuspendThread: Access is denied. (0x5)
[0512/105041.278:ERROR:process_reader_win.cc(142)] SuspendThread: Access is denied. (0x5)
[0512/105333.889:ERROR:process_reader_win.cc(142)] SuspendThread: Access is denied. (0x5)
[0512/105553.740:ERROR:process_reader_win.cc(114)] NtOpenThread: An invalid Client ID was specified.  (0xc000000b)
[0512/110717.699:ERROR:process_reader_win.cc(142)] SuspendThread: Access is denied. (0x5)
[0512/111052.108:ERROR:process_reader_win.cc(142)] SuspendThread: Access is denied. (0x5)
[0512/111415.883:ERROR:process_reader_win.cc(142)] SuspendThread: Access is denied. (0x5)
[0512/111759.928:ERROR:process_reader_win.cc(142)] SuspendThread: Access is denied. (0x5)
[0512/111759.928:ERROR:process_reader_win.cc(142)] SuspendThread: Access is denied. (0x5)
[0512/113344.619:ERROR:process_reader_win.cc(142)] SuspendThread: Access is denied. (0x5)
[0512/113344.619:ERROR:process_reader_win.cc(114)] NtOpenThread: An invalid Client ID was specified.  (0xc000000b)
[0512/120141.493:ERROR:process_reader_win.cc(142)] SuspendThread: Access is denied. (0x5)
[0512/124029.262:ERROR:process_reader_win.cc(142)] SuspendThread: Access is denied. (0x5)
[0512/124328.571:ERROR:process_reader_win.cc(142)] SuspendThread: Access is denied. (0x5)
[0512/124449.134:ERROR:process_reader_win.cc(142)] SuspendThread: Access is denied. (0x5)
[0512/124449.135:ERROR:process_reader_win.cc(142)] SuspendThread: Access is denied. (0x5)
[0512/170335.252:ERROR:process_reader_win.cc(142)] SuspendThread: Access is denied. (0x5)
[0512/172628.822:ERROR:process_reader_win.cc(142)] SuspendThread: Access is denied. (0x5)
[0515/102243.746:ERROR:exception_snapshot_win.cc(87)] thread ID 6228 not found in process
[0515/102243.767:WARNING:crash_report_exception_handler.cc(60)] ProcessSnapshotWin::Initialize failed
[0515/122649.336:ERROR:process_reader_win.cc(142)] SuspendThread: Access is denied. (0x5)
[0515/161246.550:ERROR:process_reader_win.cc(142)] SuspendThread: Access is denied. (0x5)
[0516/180505.740:ERROR:process_reader_win.cc(142)] SuspendThread: Access is denied. (0x5)
[0516/183809.131:ERROR:process_reader_win.cc(142)] SuspendThread: Access is denied. (0x5)
[0517/144927.479:ERROR:process_reader_win.cc(142)] SuspendThread: Access is denied. (0x5)
[0517/145055.183:ERROR:process_reader_win.cc(142)] SuspendThread: Access is denied. (0x5)
[0519/131924.863:ERROR:process_reader_win.cc(142)] SuspendThread: Access is denied. (0x5)
[0519/134312.326:ERROR:process_reader_win.cc(142)] SuspendThread: Access is denied. (0x5)
[0519/134822.814:ERROR:process_reader_win.cc(142)] SuspendThread: Access is denied. (0x5)
[0519/144134.845:ERROR:process_reader_win.cc(142)] SuspendThread: Access is denied. (0x5)
[0519/153946.748:ERROR:process_reader_win.cc(142)] SuspendThread: Access is denied. (0x5)
[0519/161648.576:ERROR:process_reader_win.cc(142)] SuspendThread: Access is denied. (0x5)
[0519/162618.438:ERROR:process_reader_win.cc(142)] SuspendThread: Access is denied. (0x5)
[0525/120140.200:ERROR:process_reader_win.cc(142)] SuspendThread: Access is denied. (0x5)
[0529/121946.630:ERROR:process_reader_win.cc(142)] SuspendThread: Access is denied. (0x5)
[0607/181013.600:ERROR:file_io.cc(41)] write: There is not enough space on the disk. (0x70)
[0607/181014.321:ERROR:crash_report_exception_handler.cc(111)] WriteEverything failed
[0607/181117.179:ERROR:file_io.cc(41)] write: There is not enough space on the disk. (0x70)
[0607/181117.179:ERROR:crash_report_exception_handler.cc(111)] WriteEverything failed
