28/06/2018 14:10:12 devpinoyLogger 157093 http://t2online.com/tech/meet-mansvi-dalvi-the-streamer-from-mumbai-who-is-a-fan-of-black-widow/cid/157093
28/06/2018 14:10:44 devpinoyLogger 157102 http://t2online.com/entertainment/priyanka-and-parineeti-chopra-perform-an-impromptu-tip-tip-barsa-pani-in-goa-nick-joans-are-you-feeling-left-out/cid/157102
28/06/2018 14:11:08 devpinoyLogger 161846 http://t2online.com/sport/fifa-2018-world-cup-iran-fan-breaks-the-internet-because-she-didnt-wear-a-hijab/cid/161846
28/06/2018 14:11:46 devpinoyLogger 157078 http://t2online.com/sport/steve-smith-spotted-drinking-beer-and-house-hunting-in-new-york-city/cid/157811
28/06/2018 14:11:46 devpinoyLogger Trending Story Unmatch !! : Article Id in API : 157078 URL in front end : http://t2online.com/sport/steve-smith-spotted-drinking-beer-and-house-hunting-in-new-york-city/cid/157811
28/06/2018 14:16:10 devpinoyLogger 157093 http://t2online.com/tech/meet-mansvi-dalvi-the-streamer-from-mumbai-who-is-a-fan-of-black-widow/cid/157093
28/06/2018 14:16:50 devpinoyLogger 157102 http://t2online.com/entertainment/priyanka-and-parineeti-chopra-perform-an-impromptu-tip-tip-barsa-pani-in-goa-nick-joans-are-you-feeling-left-out/cid/157102
28/06/2018 14:17:14 devpinoyLogger 161846 http://t2online.com/sport/fifa-2018-world-cup-iran-fan-breaks-the-internet-because-she-didnt-wear-a-hijab/cid/161846
28/06/2018 14:17:53 devpinoyLogger 157078 http://t2online.com/sport/steve-smith-spotted-drinking-beer-and-house-hunting-in-new-york-city/cid/157811
28/06/2018 14:17:53 devpinoyLogger Trending Story Unmatch !! : Article Id in API : 157078 URL in front end : http://t2online.com/sport/steve-smith-spotted-drinking-beer-and-house-hunting-in-new-york-city/cid/157811
28/06/2018 14:19:28 devpinoyLogger 157093 http://t2online.com/tech/meet-mansvi-dalvi-the-streamer-from-mumbai-who-is-a-fan-of-black-widow/cid/157093
28/06/2018 14:20:06 devpinoyLogger 157102 http://t2online.com/entertainment/priyanka-and-parineeti-chopra-perform-an-impromptu-tip-tip-barsa-pani-in-goa-nick-joans-are-you-feeling-left-out/cid/157102
28/06/2018 14:20:41 devpinoyLogger 161846 http://t2online.com/sport/fifa-2018-world-cup-iran-fan-breaks-the-internet-because-she-didnt-wear-a-hijab/cid/161846
28/06/2018 14:21:05 devpinoyLogger 157078 http://t2online.com/sport/steve-smith-spotted-drinking-beer-and-house-hunting-in-new-york-city/cid/157811
28/06/2018 14:21:05 devpinoyLogger Trending Story Unmatch !! : Article Id in API : 157078 URL in front end : http://t2online.com/sport/steve-smith-spotted-drinking-beer-and-house-hunting-in-new-york-city/cid/157811
29/06/2018 14:35:45 devpinoyLogger 12945 http://t2online.com/tech/meet-mansvi-dalvi-the-streamer-from-mumbai-who-is-a-fan-of-black-widow/cid/157093
29/06/2018 14:35:45 devpinoyLogger Trending Story Unmatch !! : Article Id in API : 12945 URL in front end : http://t2online.com/tech/meet-mansvi-dalvi-the-streamer-from-mumbai-who-is-a-fan-of-black-widow/cid/157093
04/07/2018 18:05:39 devpinoyLogger 637743 http://t2online.com/entertainment/munna-bhai-scene-is-now-a-hilarious-meme-template-and-jokes-and-memes-were-definitely-zaroori/cid/637743
04/07/2018 18:06:37 devpinoyLogger 396679 http://t2online.com/sport/online-trolls-hit-a-new-low-by-pulling-virat-kohlis-leg-over-germany-s-world-cup-exit/cid/396679
04/07/2018 18:07:00 devpinoyLogger 637719 http://t2online.com/lifestyle/i-went-from-a-fat-kid-all-my-life-to-a-fitness-consultant-dipannita-sarkar/cid/637719
04/07/2018 18:07:39 devpinoyLogger 637739 http://t2online.com/entertainment/movie-review-ranbir-kapoor-rajkumar-hirani-s-sanju-is-basically-munnabhai-bane-sanjay-dutt/cid/399703
04/07/2018 18:07:39 devpinoyLogger Trending Story Unmatch !! : Article Id in API : 637739 URL in front end : http://t2online.com/entertainment/movie-review-ranbir-kapoor-rajkumar-hirani-s-sanju-is-basically-munnabhai-bane-sanjay-dutt/cid/399703
04/07/2018 18:15:26 devpinoyLogger 637743 http://t2online.com/entertainment/munna-bhai-scene-is-now-a-hilarious-meme-template-and-jokes-and-memes-were-definitely-zaroori/cid/637743
04/07/2018 18:16:32 devpinoyLogger 396679 http://t2online.com/sport/online-trolls-hit-a-new-low-by-pulling-virat-kohlis-leg-over-germany-s-world-cup-exit/cid/396679
04/07/2018 18:17:11 devpinoyLogger 637719 http://t2online.com/lifestyle/i-went-from-a-fat-kid-all-my-life-to-a-fitness-consultant-dipannita-sarkar/cid/637719
04/07/2018 18:17:55 devpinoyLogger 637739 http://t2online.com/tech/the-man-with-midas-touch-in-indian-gaming-sid-joshi/cid/637739
04/07/2018 18:18:42 devpinoyLogger 399703 http://t2online.com/entertainment/movie-review-ranbir-kapoor-rajkumar-hirani-s-sanju-is-basically-munnabhai-bane-sanjay-dutt/cid/399703
04/07/2018 18:41:22 devpinoyLogger 637743 http://t2online.com/entertainment/munna-bhai-scene-is-now-a-hilarious-meme-template-and-jokes-and-memes-were-definitely-zaroori/cid/637743
04/07/2018 18:41:57 devpinoyLogger 396679 http://t2online.com/sport/online-trolls-hit-a-new-low-by-pulling-virat-kohlis-leg-over-germany-s-world-cup-exit/cid/396679
04/07/2018 18:43:04 devpinoyLogger 637719 http://t2online.com/lifestyle/i-went-from-a-fat-kid-all-my-life-to-a-fitness-consultant-dipannita-sarkar/cid/637719
04/07/2018 18:43:45 devpinoyLogger 637739 http://t2online.com/tech/the-man-with-midas-touch-in-indian-gaming-sid-joshi/cid/637739
06/07/2018 16:28:36 devpinoyLogger 637743 http://t2online.com/entertainment/munna-bhai-scene-is-now-a-hilarious-meme-template-and-jokes-and-memes-were-definitely-zaroori/cid/637743
06/07/2018 16:29:11 devpinoyLogger 493684 http://t2online.com/entertainment/seriously-have-faith-hollywood-is-getting-it-s-first-plus-size-superhero/cid/493684
06/07/2018 16:29:49 devpinoyLogger 659645 http://t2online.com/t2-digs/5yobhaagmilkhabhaag-bollywood-and-the-art-of-whitewashing-they-call-a-biopic/cid/659645
06/07/2018 16:30:20 devpinoyLogger 659631 http://t2online.com/lifestyle/jadavpur-university-scraps-admission-tests-for-humanities-and-here-s-why-students-are-protesting/cid/659631
06/07/2018 16:31:33 devpinoyLogger 659648 http://t2online.com/tech/creating-gaming-content-for-youtube-is-more-difficult-than-streaming-games-raj-jadhav/cid/659648
06/07/2018 16:33:42 devpinoyLogger 637743 http://t2online.com/entertainment/munna-bhai-scene-is-now-a-hilarious-meme-template-and-jokes-and-memes-were-definitely-zaroori/cid/637743
06/07/2018 16:35:05 devpinoyLogger 493684 http://t2online.com/entertainment/seriously-have-faith-hollywood-is-getting-it-s-first-plus-size-superhero/cid/493684
06/07/2018 16:35:56 devpinoyLogger 659645 http://t2online.com/t2-digs/5yobhaagmilkhabhaag-bollywood-and-the-art-of-whitewashing-they-call-a-biopic/cid/659645
06/07/2018 16:37:09 devpinoyLogger 659631 http://t2online.com/lifestyle/jadavpur-university-scraps-admission-tests-for-humanities-and-here-s-why-students-are-protesting/cid/659631
06/07/2018 16:38:27 devpinoyLogger 659648 http://t2online.com/tech/creating-gaming-content-for-youtube-is-more-difficult-than-streaming-games-raj-jadhav/cid/659648
23/07/2018 15:27:13 devpinoyLogger 940304 http://t2online.com/tech/at-gamers-paradise-the-razer-singapore-headquarters/cid/940311
23/07/2018 15:27:13 devpinoyLogger Trending Story Unmatch !! : Article Id in API : 940304 URL in front end : http://t2online.com/tech/at-gamers-paradise-the-razer-singapore-headquarters/cid/940311
23/07/2018 15:27:53 devpinoyLogger 940311 http://t2online.com/entertainment/frances-mcdormand-to-play-the-voice-of-god-in-neil-gaiman-s-good-omens-like-she-damn-well-should/cid/940304
23/07/2018 15:27:53 devpinoyLogger Trending Story Unmatch !! : Article Id in API : 940311 URL in front end : http://t2online.com/entertainment/frances-mcdormand-to-play-the-voice-of-god-in-neil-gaiman-s-good-omens-like-she-damn-well-should/cid/940304
23/07/2018 15:28:15 devpinoyLogger 940309 http://t2online.com/tech/valve-bans-over-90-thousand-accounts-in-the-past-week/cid/940309
23/07/2018 15:28:52 devpinoyLogger 940295 http://t2online.com/entertainment/movie-review-ishaan-khattar-and-janhvi-kapoor-s-dhadak-is-a-fashion-statement-sairat-was-a-story/cid/940295
23/07/2018 15:29:30 devpinoyLogger 940310 http://t2online.com/t2-digs/Pakistan-s-blue-eyed-chaiwala-is-in-the-news-again-but-this-time-for-something-heart-wrenching/cid/940310
